h:\downloads\csc3223 download\common\release\common.pdb
h:\downloads\csc3223 download\common\release\win32mouse.obj
h:\downloads\csc3223 download\common\release\win32keyboard.obj
h:\downloads\csc3223 download\common\release\texturewriter.obj
h:\downloads\csc3223 download\common\release\textureloader.obj
h:\downloads\csc3223 download\common\release\texturebase.obj
h:\downloads\csc3223 download\common\release\simplefont.obj
h:\downloads\csc3223 download\common\release\shaderbase.obj
h:\downloads\csc3223 download\common\release\rendererbase.obj
h:\downloads\csc3223 download\common\release\quaternion.obj
h:\downloads\csc3223 download\common\release\plane.obj
h:\downloads\csc3223 download\common\release\mouse.obj
h:\downloads\csc3223 download\common\release\meshgeometry.obj
h:\downloads\csc3223 download\common\release\matrix4.obj
h:\downloads\csc3223 download\common\release\matrix3.obj
h:\downloads\csc3223 download\common\release\matrix2.obj
h:\downloads\csc3223 download\common\release\maths.obj
h:\downloads\csc3223 download\common\release\keyboard.obj
h:\downloads\csc3223 download\common\release\gametimer.obj
h:\downloads\csc3223 download\common\release\camera.obj
h:\downloads\csc3223 download\common\release\assets.obj
h:\downloads\csc3223 download\common\release\window.obj
h:\downloads\csc3223 download\common\release\win32window.obj
h:\downloads\csc3223 download\win32\release\common.lib
h:\downloads\csc3223 download\common\release\common.tlog\cl.command.1.tlog
h:\downloads\csc3223 download\common\release\common.tlog\cl.read.1.tlog
h:\downloads\csc3223 download\common\release\common.tlog\cl.write.1.tlog
h:\downloads\csc3223 download\common\release\common.tlog\lib-link.read.1.tlog
h:\downloads\csc3223 download\common\release\common.tlog\lib-link.write.1.tlog
h:\downloads\csc3223 download\common\release\common.tlog\lib.command.1.tlog
